<?xml version="1.0" encoding="UTF-8"?>
<!-- Generated by org.testng.reporters.JUnitReportReporter -->
<testsuite skipped="0" hostname="lpt-maksud-c" name="practise.AppiumFramework.NoBroker" tests="1" failures="0" timestamp="05 Aug 2020 19:21:50 GMT" time="292.070" errors="0">
  <testcase name="noBrokerApp" time="292.070" classname="practise.AppiumFramework.NoBroker"/>
</testsuite> <!-- practise.AppiumFramework.NoBroker -->
